<?xml version="1.0" encoding="UTF-8"?>
<!-- Generated by org.testng.reporters.JUnitReportReporter -->
<testsuite hostname="CAGTAM1054862" name="automationConcepts.VerificationsUsingTestNg" tests="1" failures="0" timestamp="21 Apr 2018 02:00:54 GMT" time="15.883" errors="0">
  <testcase name="dealLoansSingleSet" time="15.883" classname="automationConcepts.VerificationsUsingTestNg"/>
</testsuite> <!-- automationConcepts.VerificationsUsingTestNg -->
