<?xml version="1.0" encoding="UTF-8"?>
<!-- Generated by org.testng.reporters.JUnitReportReporter -->
<testsuite hostname="CAGTAM1054862" name="javaConceptsClasses.AmazonUsingTestNG" tests="3" failures="0" timestamp="3 Apr 2018 01:19:02 GMT" time="9.064" errors="0">
  <testcase name="removeOrder" time="3.033" classname="javaConceptsClasses.AmazonUsingTestNG"/>
  <testcase name="updateOrder" time="3.006" classname="javaConceptsClasses.AmazonUsingTestNG"/>
  <testcase name="purchaseItems" time="3.025" classname="javaConceptsClasses.AmazonUsingTestNG"/>
</testsuite> <!-- javaConceptsClasses.AmazonUsingTestNG -->
